[2026-04-13T11:57:17.845Z] [INFO] ═══════════════════════════════════════════════════
[2026-04-13T11:57:17.858Z] [INFO]   Oracle Bridge Service starting…
[2026-04-13T11:57:17.859Z] [INFO] ═══════════════════════════════════════════════════
[2026-04-13T11:57:17.859Z] [INFO]   Escrow contract:  0xb5aF1CAC332013DeF97d6863FC12ED104CB94b13
[2026-04-13T11:57:17.859Z] [INFO]   AI service:       http://localhost:8000
[2026-04-13T11:57:17.860Z] [INFO]   Status port:      3001
[2026-04-13T11:57:17.861Z] [INFO]   Log file:         /home/sk/escrow-platform/backend/oracle/oracle.log
[2026-04-13T11:57:17.861Z] [INFO] ═══════════════════════════════════════════════════
[2026-04-13T11:57:17.877Z] [INFO] Connecting WebSocket provider… {"url":"wss://eth-sepolia.g.alchemy.com/v2/DUJv0…"}
[2026-04-13T11:57:17.966Z] [OK] Status server listening on http://localhost:3001/oracle/status
[2026-04-13T11:57:18.652Z] [OK] WebSocket connected — network: sepolia (chainId: 11155111)
[2026-04-13T11:57:18.672Z] [INFO] Attaching WorkSubmitted event listener…
[2026-04-13T11:57:18.680Z] [OK] Listening for WorkSubmitted on 0xb5aF1CAC332013DeF97d6863FC12ED104CB94b13
[2026-04-13T11:57:18.681Z] [OK] Oracle is running. Waiting for WorkSubmitted events…
[2026-04-13T11:57:18.681Z] [INFO] Press Ctrl+C to stop  |  curl http://localhost:3001/oracle/status
[2026-04-13T12:02:27.823Z] [WARN] SIGINT received — shutting down oracle gracefully…
[2026-04-13T12:02:37.950Z] [INFO] ═══════════════════════════════════════════════════
[2026-04-13T12:02:37.959Z] [INFO]   Oracle Bridge Service starting…
[2026-04-13T12:02:37.959Z] [INFO] ═══════════════════════════════════════════════════
[2026-04-13T12:02:37.959Z] [INFO]   Escrow contract:  0xb5aF1CAC332013DeF97d6863FC12ED104CB94b13
[2026-04-13T12:02:37.959Z] [INFO]   AI service:       http://localhost:8000
[2026-04-13T12:02:37.960Z] [INFO]   Status port:      3001
[2026-04-13T12:02:37.960Z] [INFO]   Log file:         /home/sk/escrow-platform/backend/oracle/oracle.log
[2026-04-13T12:02:37.960Z] [INFO] ═══════════════════════════════════════════════════
[2026-04-13T12:02:37.969Z] [INFO] Connecting WebSocket provider… {"url":"wss://eth-sepolia.g.alchemy.com/v2/DUJv0…"}
[2026-04-13T12:02:38.026Z] [OK] Status server listening on http://localhost:3001/oracle/status
[2026-04-13T12:02:39.772Z] [OK] WebSocket connected — network: sepolia (chainId: 11155111)
[2026-04-13T12:02:39.789Z] [INFO] Attaching WorkSubmitted event listener…
[2026-04-13T12:02:39.798Z] [OK] Listening for WorkSubmitted on 0xb5aF1CAC332013DeF97d6863FC12ED104CB94b13
[2026-04-13T12:02:39.799Z] [OK] Oracle is running. Waiting for WorkSubmitted events…
[2026-04-13T12:02:39.799Z] [INFO] Press Ctrl+C to stop  |  curl http://localhost:3001/oracle/status
[2026-04-13T12:03:33.630Z] [INFO] ═══════════════════════════════════════════════════
[2026-04-13T12:03:33.636Z] [INFO]   Oracle Bridge Service starting…
[2026-04-13T12:03:33.636Z] [INFO] ═══════════════════════════════════════════════════
[2026-04-13T12:03:33.637Z] [INFO]   Escrow contract:  0xb5aF1CAC332013DeF97d6863FC12ED104CB94b13
[2026-04-13T12:03:33.638Z] [INFO]   AI service:       http://localhost:8000
[2026-04-13T12:03:33.639Z] [INFO]   Status port:      3001
[2026-04-13T12:03:33.639Z] [INFO]   Log file:         /home/sk/escrow-platform/backend/oracle/oracle.log
[2026-04-13T12:03:33.639Z] [INFO] ═══════════════════════════════════════════════════
[2026-04-13T12:03:33.644Z] [INFO] Connecting WebSocket provider… {"url":"wss://eth-sepolia.g.alchemy.com/v2/DUJv0…"}
[2026-04-13T12:03:33.726Z] [ERROR] Uncaught exception {"message":"bind EADDRINUSE null:3001","stack":"Error: bind EADDRINUSE null:3001\n    at listenOnPrimaryHandle (node:net:2021:18)\n    at rr (node:internal/cluster/child:163:12)\n    at Worker.<anonymous> (node:internal/cluster/child:113:7)\n    at process.onInternalMessage (node:internal/cluster/utils:49:5)\n    at process.emit (node:events:531:35)\n    at emit (node:internal/child_process:949:14)\n    at process.processTicksAndRejections (node:internal/process/task_queues:90:21)"}
[2026-04-13T12:03:34.559Z] [OK] WebSocket connected — network: sepolia (chainId: 11155111)
[2026-04-13T12:03:34.578Z] [INFO] Attaching WorkSubmitted event listener…
[2026-04-13T12:03:34.585Z] [OK] Listening for WorkSubmitted on 0xb5aF1CAC332013DeF97d6863FC12ED104CB94b13
[2026-04-13T12:03:34.586Z] [OK] Oracle is running. Waiting for WorkSubmitted events…
[2026-04-13T12:03:34.586Z] [INFO] Press Ctrl+C to stop  |  curl http://localhost:3001/oracle/status
[2026-04-13T12:07:57.133Z] [INFO] ═══════════════════════════════════════════════════
[2026-04-13T12:07:57.140Z] [INFO]   Oracle Bridge Service starting…
[2026-04-13T12:07:57.140Z] [INFO] ═══════════════════════════════════════════════════
[2026-04-13T12:07:57.141Z] [INFO]   Escrow contract:  0xb5aF1CAC332013DeF97d6863FC12ED104CB94b13
[2026-04-13T12:07:57.141Z] [INFO]   AI service:       http://localhost:8000
[2026-04-13T12:07:57.141Z] [INFO]   Status port:      3001
[2026-04-13T12:07:57.141Z] [INFO]   Log file:         /home/sk/escrow-platform/backend/oracle/oracle.log
[2026-04-13T12:07:57.141Z] [INFO] ═══════════════════════════════════════════════════
[2026-04-13T12:07:57.151Z] [INFO] Connecting WebSocket provider… {"url":"wss://eth-sepolia.g.alchemy.com/v2/DUJv0…"}
[2026-04-13T12:07:57.206Z] [ERROR] Uncaught exception {"message":"listen EADDRINUSE: address already in use :::3001","stack":"Error: listen EADDRINUSE: address already in use :::3001\n    at Server.setupListenHandle [as _listen2] (node:net:1940:16)\n    at listenInCluster (node:net:1997:12)\n    at Server.listen (node:net:2102:7)\n    at startStatusServer (/home/sk/escrow-platform/backend/oracle/oracle.js:524:10)\n    at start (/home/sk/escrow-platform/backend/oracle/oracle.js:574:24)\n    at Object.<anonymous> (/home/sk/escrow-platform/backend/oracle/oracle.js:598:3)\n    at Module._compile (node:internal/modules/cjs/loader:1705:14)\n    at Object..js (node:internal/modules/cjs/loader:1838:10)\n    at Module.load (node:internal/modules/cjs/loader:1441:32)\n    at Function._load (node:internal/modules/cjs/loader:1263:12)"}
[2026-04-13T12:08:02.950Z] [OK] WebSocket connected — network: sepolia (chainId: 11155111)
[2026-04-13T12:08:02.971Z] [INFO] Attaching WorkSubmitted event listener…
[2026-04-13T12:08:02.981Z] [OK] Listening for WorkSubmitted on 0xb5aF1CAC332013DeF97d6863FC12ED104CB94b13
[2026-04-13T12:08:02.981Z] [OK] Oracle is running. Waiting for WorkSubmitted events…
[2026-04-13T12:08:02.981Z] [INFO] Press Ctrl+C to stop  |  curl http://localhost:3001/oracle/status
[2026-04-13T12:08:10.491Z] [WARN] SIGINT received — shutting down oracle gracefully…
[2026-04-13T12:13:11.388Z] [WARN] SIGTERM received — shutting down oracle gracefully…
[2026-04-13T12:13:12.697Z] [INFO] ═══════════════════════════════════════════════════
[2026-04-13T12:13:12.706Z] [INFO]   Oracle Bridge Service starting…
[2026-04-13T12:13:12.706Z] [INFO] ═══════════════════════════════════════════════════
[2026-04-13T12:13:12.706Z] [INFO]   Escrow contract:  0xb5aF1CAC332013DeF97d6863FC12ED104CB94b13
[2026-04-13T12:13:12.707Z] [INFO]   AI service:       http://localhost:8000
[2026-04-13T12:13:12.707Z] [INFO]   Status port:      3001
[2026-04-13T12:13:12.707Z] [INFO]   Log file:         /home/sk/escrow-platform/backend/oracle/oracle.log
[2026-04-13T12:13:12.707Z] [INFO] ═══════════════════════════════════════════════════
[2026-04-13T12:13:12.717Z] [INFO] Connecting WebSocket provider… {"url":"wss://eth-sepolia.g.alchemy.com/v2/DUJv0…"}
[2026-04-13T12:13:12.775Z] [OK] Status server listening on http://localhost:3001/oracle/status
[2026-04-13T12:13:13.733Z] [OK] WebSocket connected — network: sepolia (chainId: 11155111)
[2026-04-13T12:13:13.754Z] [INFO] Attaching WorkSubmitted event listener…
[2026-04-13T12:13:13.763Z] [OK] Listening for WorkSubmitted on 0xb5aF1CAC332013DeF97d6863FC12ED104CB94b13
[2026-04-13T12:13:13.763Z] [OK] Oracle is running. Waiting for WorkSubmitted events…
[2026-04-13T12:13:13.763Z] [INFO] Press Ctrl+C to stop  |  curl http://localhost:3001/oracle/status
[2026-04-13T12:13:17.112Z] [INFO] ═══════════════════════════════════════════════════
[2026-04-13T12:13:17.116Z] [INFO]   Oracle Bridge Service starting…
[2026-04-13T12:13:17.117Z] [INFO] ═══════════════════════════════════════════════════
[2026-04-13T12:13:17.118Z] [INFO]   Escrow contract:  0xb5aF1CAC332013DeF97d6863FC12ED104CB94b13
[2026-04-13T12:13:17.118Z] [INFO]   AI service:       http://localhost:8000
[2026-04-13T12:13:17.118Z] [INFO]   Status port:      3001
[2026-04-13T12:13:17.119Z] [INFO]   Log file:         /home/sk/escrow-platform/backend/oracle/oracle.log
[2026-04-13T12:13:17.119Z] [INFO] ═══════════════════════════════════════════════════
[2026-04-13T12:13:17.124Z] [INFO] Connecting WebSocket provider… {"url":"wss://eth-sepolia.g.alchemy.com/v2/DUJv0…"}
[2026-04-13T12:13:17.182Z] [ERROR] Uncaught exception {"message":"bind EADDRINUSE null:3001","stack":"Error: bind EADDRINUSE null:3001\n    at listenOnPrimaryHandle (node:net:2021:18)\n    at rr (node:internal/cluster/child:163:12)\n    at Worker.<anonymous> (node:internal/cluster/child:113:7)\n    at process.onInternalMessage (node:internal/cluster/utils:49:5)\n    at process.emit (node:events:531:35)\n    at emit (node:internal/child_process:949:14)\n    at process.processTicksAndRejections (node:internal/process/task_queues:90:21)"}
[2026-04-13T12:13:17.716Z] [OK] WebSocket connected — network: sepolia (chainId: 11155111)
[2026-04-13T12:13:17.733Z] [INFO] Attaching WorkSubmitted event listener…
[2026-04-13T12:13:17.740Z] [OK] Listening for WorkSubmitted on 0xb5aF1CAC332013DeF97d6863FC12ED104CB94b13
[2026-04-13T12:13:17.741Z] [OK] Oracle is running. Waiting for WorkSubmitted events…
[2026-04-13T12:13:17.741Z] [INFO] Press Ctrl+C to stop  |  curl http://localhost:3001/oracle/status
[2026-04-13T12:14:07.327Z] [WARN] SIGTERM received — shutting down oracle gracefully…
[2026-04-13T12:14:13.321Z] [INFO] ═══════════════════════════════════════════════════
[2026-04-13T12:14:13.326Z] [INFO]   Oracle Bridge Service starting…
[2026-04-13T12:14:13.327Z] [INFO] ═══════════════════════════════════════════════════
[2026-04-13T12:14:13.328Z] [INFO]   Escrow contract:  0xb5aF1CAC332013DeF97d6863FC12ED104CB94b13
[2026-04-13T12:14:13.328Z] [INFO]   AI service:       http://localhost:8000
[2026-04-13T12:14:13.329Z] [INFO]   Status port:      3001
[2026-04-13T12:14:13.329Z] [INFO]   Log file:         /home/sk/escrow-platform/backend/oracle/oracle.log
[2026-04-13T12:14:13.329Z] [INFO] ═══════════════════════════════════════════════════
[2026-04-13T12:14:13.336Z] [INFO] Connecting WebSocket provider… {"url":"wss://eth-sepolia.g.alchemy.com/v2/DUJv0…"}
[2026-04-13T12:14:13.415Z] [OK] Status server listening on http://localhost:3001/oracle/status
[2026-04-13T12:14:14.169Z] [OK] WebSocket connected — network: sepolia (chainId: 11155111)
[2026-04-13T12:14:14.185Z] [INFO] Attaching WorkSubmitted event listener…
[2026-04-13T12:14:14.192Z] [OK] Listening for WorkSubmitted on 0xb5aF1CAC332013DeF97d6863FC12ED104CB94b13
[2026-04-13T12:14:14.192Z] [OK] Oracle is running. Waiting for WorkSubmitted events…
[2026-04-13T12:14:14.193Z] [INFO] Press Ctrl+C to stop  |  curl http://localhost:3001/oracle/status
[2026-04-17T10:35:01.726Z] [INFO] ═══════════════════════════════════════════════════
[2026-04-17T10:35:01.733Z] [INFO]   Oracle Bridge Service starting…
[2026-04-17T10:35:01.734Z] [INFO] ═══════════════════════════════════════════════════
[2026-04-17T10:35:01.734Z] [INFO]   Escrow contract:  0xb5aF1CAC332013DeF97d6863FC12ED104CB94b13
[2026-04-17T10:35:01.734Z] [INFO]   AI service:       http://localhost:8000
[2026-04-17T10:35:01.735Z] [INFO]   Status port:      3001
[2026-04-17T10:35:01.735Z] [INFO]   Log file:         /home/sk/escrow-platform/backend/oracle/oracle.log
[2026-04-17T10:35:01.735Z] [INFO] ═══════════════════════════════════════════════════
[2026-04-17T10:35:01.743Z] [INFO] Connecting WebSocket provider… {"url":"wss://eth-sepolia.g.alchemy.com/v2/DUJv0…"}
[2026-04-17T10:35:01.796Z] [OK] Status server listening on http://localhost:3001/oracle/status
[2026-04-17T10:35:04.480Z] [OK] WebSocket connected — network: sepolia (chainId: 11155111)
[2026-04-17T10:35:04.508Z] [INFO] Attaching WorkSubmitted event listener…
[2026-04-17T10:35:04.517Z] [OK] Listening for WorkSubmitted on 0xb5aF1CAC332013DeF97d6863FC12ED104CB94b13
[2026-04-17T10:35:04.517Z] [OK] Oracle is running. Waiting for WorkSubmitted events…
[2026-04-17T10:35:04.517Z] [INFO] Press Ctrl+C to stop  |  curl http://localhost:3001/oracle/status
[2026-04-28T08:35:09.782Z] [INFO] ═══════════════════════════════════════════════════
[2026-04-28T08:35:09.791Z] [INFO]   Oracle Bridge Service starting…
[2026-04-28T08:35:09.791Z] [INFO] ═══════════════════════════════════════════════════
[2026-04-28T08:35:09.791Z] [INFO]   Escrow contract:  0xb9316f9E1E7c3d2dF37957b04C5DD9DF2920e81A
[2026-04-28T08:35:09.791Z] [INFO]   AI service:       http://localhost:8000
[2026-04-28T08:35:09.791Z] [INFO]   Status port:      3001
[2026-04-28T08:35:09.791Z] [INFO]   Log file:         /home/sk/escrow-platform/backend/oracle/oracle.log
[2026-04-28T08:35:09.791Z] [INFO] ═══════════════════════════════════════════════════
[2026-04-28T08:35:09.794Z] [INFO] Connecting WebSocket provider… {"url":"wss://eth-sepolia.g.alchemy.com/v2/DUJv0…"}
[2026-04-28T08:35:09.811Z] [OK] Status server listening on http://localhost:3001/oracle/status
[2026-04-28T08:35:10.415Z] [OK] WebSocket connected — network: sepolia (chainId: 11155111)
[2026-04-28T08:35:10.438Z] [INFO] Attaching WorkSubmitted event listener…
[2026-04-28T08:35:10.443Z] [OK] Listening for WorkSubmitted on 0xb9316f9E1E7c3d2dF37957b04C5DD9DF2920e81A
[2026-04-28T08:35:10.443Z] [OK] Oracle is running. Waiting for WorkSubmitted events…
[2026-04-28T08:35:10.443Z] [INFO] Press Ctrl+C to stop  |  curl http://localhost:3001/oracle/status
[2026-05-02T08:22:55.656Z] [INFO] ═══════════════════════════════════════════════════
[2026-05-02T08:22:55.666Z] [INFO]   Oracle Bridge Service starting…
[2026-05-02T08:22:55.666Z] [INFO] ═══════════════════════════════════════════════════
[2026-05-02T08:22:55.666Z] [INFO]   Escrow contract:  0xb9316f9E1E7c3d2dF37957b04C5DD9DF2920e81A
[2026-05-02T08:22:55.666Z] [INFO]   AI service:       http://localhost:8000
[2026-05-02T08:22:55.667Z] [INFO]   Status port:      3001
[2026-05-02T08:22:55.667Z] [INFO]   Log file:         /home/sk/escrow-platform/backend/oracle/oracle.log
[2026-05-02T08:22:55.667Z] [INFO] ═══════════════════════════════════════════════════
[2026-05-02T08:22:55.679Z] [INFO] Connecting WebSocket provider… {"url":"wss://eth-sepolia.g.alchemy.com/v2/DUJv0…"}
[2026-05-02T08:22:55.752Z] [OK] Status server listening on http://localhost:3001/oracle/status
[2026-05-02T08:22:57.353Z] [OK] WebSocket connected — network: sepolia (chainId: 11155111)
[2026-05-02T08:22:57.378Z] [INFO] Attaching WorkSubmitted event listener…
[2026-05-02T08:22:57.389Z] [OK] Listening for WorkSubmitted on 0xb9316f9E1E7c3d2dF37957b04C5DD9DF2920e81A
[2026-05-02T08:22:57.390Z] [OK] Oracle is running. Waiting for WorkSubmitted events…
[2026-05-02T08:22:57.390Z] [INFO] Press Ctrl+C to stop  |  curl http://localhost:3001/oracle/status
[2026-05-02T14:10:29.797Z] [INFO] ═══════════════════════════════════════════════════
[2026-05-02T14:10:29.822Z] [INFO]   Oracle Bridge Service starting…
[2026-05-02T14:10:29.823Z] [INFO] ═══════════════════════════════════════════════════
[2026-05-02T14:10:29.823Z] [INFO]   Escrow contract:  0xb9316f9E1E7c3d2dF37957b04C5DD9DF2920e81A
[2026-05-02T14:10:29.823Z] [INFO]   AI service:       http://localhost:8000
[2026-05-02T14:10:29.824Z] [INFO]   Status port:      3001
[2026-05-02T14:10:29.826Z] [INFO]   Log file:         /home/sk/escrow-platform/backend/oracle/oracle.log
[2026-05-02T14:10:29.832Z] [INFO] ═══════════════════════════════════════════════════
[2026-05-02T14:10:29.852Z] [INFO] Connecting WebSocket provider… {"url":"wss://eth-sepolia.g.alchemy.com/v2/DUJv0…"}
[2026-05-02T14:10:29.990Z] [OK] Status server listening on http://localhost:3001/oracle/status
[2026-05-02T14:10:30.752Z] [OK] WebSocket connected — network: sepolia (chainId: 11155111)
[2026-05-02T14:10:30.802Z] [INFO] Attaching WorkSubmitted event listener…
[2026-05-02T14:10:30.823Z] [OK] Listening for WorkSubmitted on 0xb9316f9E1E7c3d2dF37957b04C5DD9DF2920e81A
[2026-05-02T14:10:30.824Z] [OK] Oracle is running. Waiting for WorkSubmitted events…
[2026-05-02T14:10:30.824Z] [INFO] Press Ctrl+C to stop  |  curl http://localhost:3001/oracle/status
[2026-05-02T19:16:35.936Z] [WARN] SIGINT received — shutting down oracle gracefully…
[2026-05-02T19:16:48.046Z] [INFO] ═══════════════════════════════════════════════════
[2026-05-02T19:16:48.048Z] [INFO]   Oracle Bridge Service starting…
[2026-05-02T19:16:48.048Z] [INFO] ═══════════════════════════════════════════════════
[2026-05-02T19:16:48.048Z] [INFO]   Escrow contract:  0xb9316f9E1E7c3d2dF37957b04C5DD9DF2920e81A
[2026-05-02T19:16:48.048Z] [INFO]   AI service:       http://localhost:8000
[2026-05-02T19:16:48.048Z] [INFO]   Status port:      3001
[2026-05-02T19:16:48.048Z] [INFO]   Log file:         /home/sk/escrow-platform/backend/oracle/oracle.log
[2026-05-02T19:16:48.048Z] [INFO] ═══════════════════════════════════════════════════
[2026-05-02T19:16:48.050Z] [INFO] Connecting WebSocket provider… {"url":"wss://eth-sepolia.g.alchemy.com/v2/DUJv0…"}
[2026-05-02T19:16:48.066Z] [OK] Status server listening on http://localhost:3001/oracle/status
[2026-05-02T19:16:48.615Z] [OK] WebSocket connected — network: sepolia (chainId: 11155111)
[2026-05-02T19:16:48.620Z] [INFO] Attaching WorkSubmitted event listener…
[2026-05-02T19:16:48.623Z] [OK] Listening for WorkSubmitted on 0xb9316f9E1E7c3d2dF37957b04C5DD9DF2920e81A
[2026-05-02T19:16:48.623Z] [OK] Oracle is running. Waiting for WorkSubmitted events…
[2026-05-02T19:16:48.623Z] [INFO] Press Ctrl+C to stop  |  curl http://localhost:3001/oracle/status
[2026-05-02T19:22:32.750Z] [WARN] SIGINT received — shutting down oracle gracefully…
[2026-05-02T19:22:45.976Z] [INFO] ═══════════════════════════════════════════════════
[2026-05-02T19:22:45.978Z] [INFO]   Oracle Bridge Service starting…
[2026-05-02T19:22:45.978Z] [INFO] ═══════════════════════════════════════════════════
[2026-05-02T19:22:45.978Z] [INFO]   Escrow contract:  0xb9316f9E1E7c3d2dF37957b04C5DD9DF2920e81A
[2026-05-02T19:22:45.978Z] [INFO]   AI service:       http://localhost:8000
[2026-05-02T19:22:45.978Z] [INFO]   Status port:      3001
[2026-05-02T19:22:45.978Z] [INFO]   Log file:         /home/sk/escrow-platform/backend/oracle/oracle.log
[2026-05-02T19:22:45.978Z] [INFO] ═══════════════════════════════════════════════════
[2026-05-02T19:22:45.980Z] [INFO] Connecting WebSocket provider… {"url":"wss://eth-sepolia.g.alchemy.com/v2/DUJv0…"}
[2026-05-02T19:22:45.997Z] [OK] Status server listening on http://localhost:3001/oracle/status
[2026-05-02T19:22:46.712Z] [OK] WebSocket connected — network: sepolia (chainId: 11155111)
[2026-05-02T19:22:46.723Z] [INFO] Attaching WorkSubmitted event listener…
[2026-05-02T19:22:46.727Z] [OK] Listening for WorkSubmitted on 0xb9316f9E1E7c3d2dF37957b04C5DD9DF2920e81A
[2026-05-02T19:22:46.727Z] [OK] Oracle is running. Waiting for WorkSubmitted events…
[2026-05-02T19:22:46.727Z] [INFO] Press Ctrl+C to stop  |  curl http://localhost:3001/oracle/status
[2026-05-03T09:51:24.516Z] [INFO] ═══════════════════════════════════════════════════
[2026-05-03T09:51:24.518Z] [INFO]   Oracle Bridge Service starting…
[2026-05-03T09:51:24.518Z] [INFO] ═══════════════════════════════════════════════════
[2026-05-03T09:51:24.518Z] [INFO]   Escrow contract:  0xb9316f9E1E7c3d2dF37957b04C5DD9DF2920e81A
[2026-05-03T09:51:24.519Z] [INFO]   AI service:       http://localhost:8000
[2026-05-03T09:51:24.519Z] [INFO]   Status port:      3001
[2026-05-03T09:51:24.519Z] [INFO]   Log file:         /home/sk/escrow-platform/backend/oracle/oracle.log
[2026-05-03T09:51:24.519Z] [INFO] ═══════════════════════════════════════════════════
[2026-05-03T09:51:24.522Z] [INFO] Connecting WebSocket provider… {"url":"wss://eth-sepolia.g.alchemy.com/v2/DUJv0…"}
[2026-05-03T09:51:24.548Z] [OK] Status server listening on http://localhost:3001/oracle/status
[2026-05-03T09:51:27.546Z] [OK] WebSocket connected — network: sepolia (chainId: 11155111)
[2026-05-03T09:51:27.565Z] [INFO] Attaching WorkSubmitted event listener…
[2026-05-03T09:51:27.573Z] [OK] Listening for WorkSubmitted on 0xb9316f9E1E7c3d2dF37957b04C5DD9DF2920e81A
[2026-05-03T09:51:27.574Z] [OK] Oracle is running. Waiting for WorkSubmitted events…
[2026-05-03T09:51:27.574Z] [INFO] Press Ctrl+C to stop  |  curl http://localhost:3001/oracle/status
[2026-05-03T14:44:29.394Z] [INFO] ═══════════════════════════════════════════════════
[2026-05-03T14:44:29.402Z] [INFO]   Oracle Bridge Service starting…
[2026-05-03T14:44:29.402Z] [INFO] ═══════════════════════════════════════════════════
[2026-05-03T14:44:29.402Z] [INFO]   Escrow contract:  0xb9316f9E1E7c3d2dF37957b04C5DD9DF2920e81A
[2026-05-03T14:44:29.403Z] [INFO]   AI service:       http://localhost:8000
[2026-05-03T14:44:29.403Z] [INFO]   Status port:      3001
[2026-05-03T14:44:29.403Z] [INFO]   Log file:         /home/sk/escrow-platform/backend/oracle/oracle.log
[2026-05-03T14:44:29.403Z] [INFO] ═══════════════════════════════════════════════════
[2026-05-03T14:44:29.406Z] [INFO] Connecting WebSocket provider… {"url":"wss://eth-sepolia.g.alchemy.com/v2/DUJv0…"}
[2026-05-03T14:44:29.425Z] [OK] Status server listening on http://localhost:3001/oracle/status
[2026-05-03T14:44:30.028Z] [OK] WebSocket connected — network: sepolia (chainId: 11155111)
[2026-05-03T14:44:30.053Z] [INFO] Attaching WorkSubmitted event listener…
[2026-05-03T14:44:30.062Z] [OK] Listening for WorkSubmitted on 0xb9316f9E1E7c3d2dF37957b04C5DD9DF2920e81A
[2026-05-03T14:44:30.063Z] [OK] Oracle is running. Waiting for WorkSubmitted events…
[2026-05-03T14:44:30.063Z] [INFO] Press Ctrl+C to stop  |  curl http://localhost:3001/oracle/status
[2026-05-04T05:03:45.883Z] [INFO] ═══════════════════════════════════════════════════
[2026-05-04T05:03:45.892Z] [INFO]   Oracle Bridge Service starting…
[2026-05-04T05:03:45.892Z] [INFO] ═══════════════════════════════════════════════════
[2026-05-04T05:03:45.892Z] [INFO]   Escrow contract:  0xb9316f9E1E7c3d2dF37957b04C5DD9DF2920e81A
[2026-05-04T05:03:45.892Z] [INFO]   AI service:       http://localhost:8000
[2026-05-04T05:03:45.892Z] [INFO]   Status port:      3001
[2026-05-04T05:03:45.892Z] [INFO]   Log file:         /home/sk/escrow-platform/backend/oracle/oracle.log
[2026-05-04T05:03:45.892Z] [INFO] ═══════════════════════════════════════════════════
[2026-05-04T05:03:45.895Z] [INFO] Connecting WebSocket provider… {"url":"wss://eth-sepolia.g.alchemy.com/v2/DUJv0…"}
[2026-05-04T05:03:45.921Z] [OK] Status server listening on http://localhost:3001/oracle/status
[2026-05-04T05:03:46.462Z] [OK] WebSocket connected — network: sepolia (chainId: 11155111)
[2026-05-04T05:03:46.481Z] [INFO] Attaching WorkSubmitted event listener…
[2026-05-04T05:03:46.491Z] [OK] Listening for WorkSubmitted on 0xb9316f9E1E7c3d2dF37957b04C5DD9DF2920e81A
[2026-05-04T05:03:46.491Z] [OK] Oracle is running. Waiting for WorkSubmitted events…
[2026-05-04T05:03:46.491Z] [INFO] Press Ctrl+C to stop  |  curl http://localhost:3001/oracle/status
[2026-05-04T05:08:53.766Z] [INFO] [oracle/submit-result] Request for milestone 2 score=0.85
[2026-05-04T05:08:53.768Z] [INFO] [2] Preparing on-chain result post…
[2026-05-04T05:08:53.768Z] [INFO] [2] Score: 0.85 → 85  |  Verdict: APPROVED
[2026-05-04T05:08:53.965Z] [INFO] [2] Signing result hash with oracle wallet 0xb85528a61D5bE6e1e640e4a38F1232e7971c67EA…
[2026-05-04T05:08:53.982Z] [INFO] [2] Signature: 0x07c1bd4553d6f90302…
[2026-05-04T05:08:54.488Z] [ERROR] [2] Gas estimation failed {"message":"execution reverted: \"EscrowContract: caller is not the oracle\" (action=\"estimateGas\", data=\"0x08c379a000000000000000000000000000000000000000000000000000000000000000200000000000000000000000000000000000000000000000000000000000000028457363726f77436f6e74726163743a2063616c6c6572206973206e6f7420746865206f7261636c65000000000000000000000000000000000000000000000000\", reason=\"EscrowContract: caller is not the oracle\", transaction={ \"data\": \"0x5cacf245000000000000000000000000000000000000000000000000000000000000000200000000000000000000000000000000000000000000000000000000000000550000000000000000000000000000000000000000000000000000000000000060000000000000000000000000000000000000000000000000000000000000004107c1bd4553d6f90302f6e55ef808100a07ea5396d221c417e6cb0fe146966a4365f6b3e5a89d596c1873016daa7124df1a006cbd1543f9be178e9dcdbd8c6be31c00000000000000000000000000000000000000000000000000000000000000\", \"from\": \"0xb85528a61D5bE6e1e640e4a38F1232e7971c67EA\", \"to\": \"0xb9316f9E1E7c3d2dF37957b04C5DD9DF2920e81A\" }, invocation=null, revert={ \"args\": [ \"EscrowContract: caller is not the oracle\" ], \"name\": \"Error\", \"signature\": \"Error(string)\" }, code=CALL_EXCEPTION, version=6.16.0)"}
[2026-05-04T05:08:54.489Z] [ERROR] [2] This usually means the oracle address is not authorised in EscrowContract
[2026-05-04T05:19:23.168Z] [INFO] [oracle/submit-result] Request for milestone 2 score=0.85
[2026-05-04T05:19:23.168Z] [INFO] [2] Preparing on-chain result post…
[2026-05-04T05:19:23.168Z] [INFO] [2] Score: 0.85 → 85  |  Verdict: APPROVED
[2026-05-04T05:19:23.175Z] [INFO] [2] Signing result hash with oracle wallet 0xb85528a61D5bE6e1e640e4a38F1232e7971c67EA…
[2026-05-04T05:19:23.186Z] [INFO] [2] Signature: 0x07c1bd4553d6f90302…
[2026-05-04T05:19:23.574Z] [ERROR] [2] Gas estimation failed {"message":"execution reverted: \"EscrowContract: caller is not the oracle\" (action=\"estimateGas\", data=\"0x08c379a000000000000000000000000000000000000000000000000000000000000000200000000000000000000000000000000000000000000000000000000000000028457363726f77436f6e74726163743a2063616c6c6572206973206e6f7420746865206f7261636c65000000000000000000000000000000000000000000000000\", reason=\"EscrowContract: caller is not the oracle\", transaction={ \"data\": \"0x5cacf245000000000000000000000000000000000000000000000000000000000000000200000000000000000000000000000000000000000000000000000000000000550000000000000000000000000000000000000000000000000000000000000060000000000000000000000000000000000000000000000000000000000000004107c1bd4553d6f90302f6e55ef808100a07ea5396d221c417e6cb0fe146966a4365f6b3e5a89d596c1873016daa7124df1a006cbd1543f9be178e9dcdbd8c6be31c00000000000000000000000000000000000000000000000000000000000000\", \"from\": \"0xb85528a61D5bE6e1e640e4a38F1232e7971c67EA\", \"to\": \"0xb9316f9E1E7c3d2dF37957b04C5DD9DF2920e81A\" }, invocation=null, revert={ \"args\": [ \"EscrowContract: caller is not the oracle\" ], \"name\": \"Error\", \"signature\": \"Error(string)\" }, code=CALL_EXCEPTION, version=6.16.0)"}
[2026-05-04T05:19:23.574Z] [ERROR] [2] This usually means the oracle address is not authorised in EscrowContract
[2026-05-04T05:23:16.566Z] [INFO] [oracle/submit-result] Request for milestone 2 score=0.92
[2026-05-04T05:23:16.567Z] [INFO] [2] Preparing on-chain result post…
[2026-05-04T05:23:16.567Z] [INFO] [2] Score: 0.92 → 92  |  Verdict: APPROVED
[2026-05-04T05:23:16.575Z] [INFO] [2] Signing result hash with oracle wallet 0xb85528a61D5bE6e1e640e4a38F1232e7971c67EA…
[2026-05-04T05:23:16.586Z] [INFO] [2] Signature: 0xc5ff2f8d31e53b3177…
[2026-05-04T05:23:17.046Z] [ERROR] [2] Gas estimation failed {"message":"execution reverted: \"EscrowContract: caller is not the oracle\" (action=\"estimateGas\", data=\"0x08c379a000000000000000000000000000000000000000000000000000000000000000200000000000000000000000000000000000000000000000000000000000000028457363726f77436f6e74726163743a2063616c6c6572206973206e6f7420746865206f7261636c65000000000000000000000000000000000000000000000000\", reason=\"EscrowContract: caller is not the oracle\", transaction={ \"data\": \"0x5cacf2450000000000000000000000000000000000000000000000000000000000000002000000000000000000000000000000000000000000000000000000000000005c00000000000000000000000000000000000000000000000000000000000000600000000000000000000000000000000000000000000000000000000000000041c5ff2f8d31e53b3177b5819e03a668192771969475b28f28ae190721eb6dfeef3f10ebf5922cb5e9d64fd6fd85c7e7c62ddfa714761cbe05fdfe1e83cf2ec5a31b00000000000000000000000000000000000000000000000000000000000000\", \"from\": \"0xb85528a61D5bE6e1e640e4a38F1232e7971c67EA\", \"to\": \"0xb9316f9E1E7c3d2dF37957b04C5DD9DF2920e81A\" }, invocation=null, revert={ \"args\": [ \"EscrowContract: caller is not the oracle\" ], \"name\": \"Error\", \"signature\": \"Error(string)\" }, code=CALL_EXCEPTION, version=6.16.0)"}
[2026-05-04T05:23:17.047Z] [ERROR] [2] This usually means the oracle address is not authorised in EscrowContract
[2026-05-04T08:02:43.260Z] [INFO] [oracle/submit-result] Request for milestone 2 score=0.92
[2026-05-04T08:02:43.260Z] [INFO] [2] Preparing on-chain result post…
[2026-05-04T08:02:43.260Z] [INFO] [2] Score: 0.92 → 92  |  Verdict: APPROVED
[2026-05-04T08:02:43.264Z] [INFO] [2] Signing result hash with oracle wallet 0xb85528a61D5bE6e1e640e4a38F1232e7971c67EA…
[2026-05-04T08:02:43.272Z] [INFO] [2] Signature: 0xc5ff2f8d31e53b3177…
[2026-05-04T08:02:43.822Z] [ERROR] [2] Gas estimation failed {"message":"execution reverted: \"EscrowContract: caller is not the oracle\" (action=\"estimateGas\", data=\"0x08c379a000000000000000000000000000000000000000000000000000000000000000200000000000000000000000000000000000000000000000000000000000000028457363726f77436f6e74726163743a2063616c6c6572206973206e6f7420746865206f7261636c65000000000000000000000000000000000000000000000000\", reason=\"EscrowContract: caller is not the oracle\", transaction={ \"data\": \"0x5cacf2450000000000000000000000000000000000000000000000000000000000000002000000000000000000000000000000000000000000000000000000000000005c00000000000000000000000000000000000000000000000000000000000000600000000000000000000000000000000000000000000000000000000000000041c5ff2f8d31e53b3177b5819e03a668192771969475b28f28ae190721eb6dfeef3f10ebf5922cb5e9d64fd6fd85c7e7c62ddfa714761cbe05fdfe1e83cf2ec5a31b00000000000000000000000000000000000000000000000000000000000000\", \"from\": \"0xb85528a61D5bE6e1e640e4a38F1232e7971c67EA\", \"to\": \"0xb9316f9E1E7c3d2dF37957b04C5DD9DF2920e81A\" }, invocation=null, revert={ \"args\": [ \"EscrowContract: caller is not the oracle\" ], \"name\": \"Error\", \"signature\": \"Error(string)\" }, code=CALL_EXCEPTION, version=6.16.0)"}
[2026-05-04T08:02:43.823Z] [ERROR] [2] This usually means the oracle address is not authorised in EscrowContract
[2026-05-04T08:02:53.987Z] [WARN] SIGINT received — shutting down oracle gracefully…
[2026-05-04T08:03:00.383Z] [INFO] ═══════════════════════════════════════════════════
[2026-05-04T08:03:00.390Z] [INFO]   Oracle Bridge Service starting…
[2026-05-04T08:03:00.390Z] [INFO] ═══════════════════════════════════════════════════
[2026-05-04T08:03:00.391Z] [INFO]   Escrow contract:  0xb5aF1CAC332013DeF97d6863FC12ED104CB94b13
[2026-05-04T08:03:00.391Z] [INFO]   AI service:       http://localhost:8000
[2026-05-04T08:03:00.391Z] [INFO]   Status port:      3001
[2026-05-04T08:03:00.392Z] [INFO]   Log file:         /home/sk/escrow-platform/backend/oracle/oracle.log
[2026-05-04T08:03:00.392Z] [INFO] ═══════════════════════════════════════════════════
[2026-05-04T08:03:00.402Z] [INFO] Connecting WebSocket provider… {"url":"wss://eth-sepolia.g.alchemy.com/v2/DUJv0…"}
[2026-05-04T08:03:00.461Z] [OK] Status server listening on http://localhost:3001/oracle/status
[2026-05-04T08:03:01.215Z] [OK] WebSocket connected — network: sepolia (chainId: 11155111)
[2026-05-04T08:03:01.234Z] [INFO] Attaching WorkSubmitted event listener…
[2026-05-04T08:03:01.241Z] [OK] Listening for WorkSubmitted on 0xb5aF1CAC332013DeF97d6863FC12ED104CB94b13
[2026-05-04T08:03:01.241Z] [OK] Oracle is running. Waiting for WorkSubmitted events…
[2026-05-04T08:03:01.241Z] [INFO] Press Ctrl+C to stop  |  curl http://localhost:3001/oracle/status
[2026-05-04T08:06:31.840Z] [INFO] [oracle/submit-result] Request for milestone 2 score=0.85
[2026-05-04T08:06:31.841Z] [INFO] [2] Preparing on-chain result post…
[2026-05-04T08:06:31.841Z] [INFO] [2] Score: 0.85 → 85  |  Verdict: APPROVED
[2026-05-04T08:06:31.991Z] [INFO] [2] Signing result hash with oracle wallet 0xb85528a61D5bE6e1e640e4a38F1232e7971c67EA…
[2026-05-04T08:06:32.009Z] [INFO] [2] Signature: 0x07c1bd4553d6f90302…
[2026-05-04T08:06:32.910Z] [ERROR] [2] Gas estimation failed {"message":"execution reverted: \"EscrowContract: invalid oracle signature\" (action=\"estimateGas\", data=\"0x08c379a000000000000000000000000000000000000000000000000000000000000000200000000000000000000000000000000000000000000000000000000000000028457363726f77436f6e74726163743a20696e76616c6964206f7261636c65207369676e6174757265000000000000000000000000000000000000000000000000\", reason=\"EscrowContract: invalid oracle signature\", transaction={ \"data\": \"0x5cacf245000000000000000000000000000000000000000000000000000000000000000200000000000000000000000000000000000000000000000000000000000000550000000000000000000000000000000000000000000000000000000000000060000000000000000000000000000000000000000000000000000000000000004107c1bd4553d6f90302f6e55ef808100a07ea5396d221c417e6cb0fe146966a4365f6b3e5a89d596c1873016daa7124df1a006cbd1543f9be178e9dcdbd8c6be31c00000000000000000000000000000000000000000000000000000000000000\", \"from\": \"0xb85528a61D5bE6e1e640e4a38F1232e7971c67EA\", \"to\": \"0xb5aF1CAC332013DeF97d6863FC12ED104CB94b13\" }, invocation=null, revert={ \"args\": [ \"EscrowContract: invalid oracle signature\" ], \"name\": \"Error\", \"signature\": \"Error(string)\" }, code=CALL_EXCEPTION, version=6.16.0)"}
[2026-05-04T08:06:32.911Z] [ERROR] [2] This usually means the oracle address is not authorised in EscrowContract
[2026-05-04T08:19:10.695Z] [WARN] SIGINT received — shutting down oracle gracefully…
[2026-05-04T08:19:13.299Z] [INFO] ═══════════════════════════════════════════════════
[2026-05-04T08:19:13.301Z] [INFO]   Oracle Bridge Service starting…
[2026-05-04T08:19:13.301Z] [INFO] ═══════════════════════════════════════════════════
[2026-05-04T08:19:13.301Z] [INFO]   Escrow contract:  0xb5aF1CAC332013DeF97d6863FC12ED104CB94b13
[2026-05-04T08:19:13.301Z] [INFO]   AI service:       http://localhost:8000
[2026-05-04T08:19:13.301Z] [INFO]   Status port:      3001
[2026-05-04T08:19:13.302Z] [INFO]   Log file:         /home/sk/escrow-platform/backend/oracle/oracle.log
[2026-05-04T08:19:13.302Z] [INFO] ═══════════════════════════════════════════════════
[2026-05-04T08:19:13.304Z] [INFO] Connecting WebSocket provider… {"url":"wss://eth-sepolia.g.alchemy.com/v2/DUJv0…"}
[2026-05-04T08:19:13.318Z] [OK] Status server listening on http://localhost:3001/oracle/status
[2026-05-04T08:19:13.966Z] [OK] WebSocket connected — network: sepolia (chainId: 11155111)
[2026-05-04T08:19:13.983Z] [INFO] Attaching WorkSubmitted event listener…
[2026-05-04T08:19:13.988Z] [OK] Listening for WorkSubmitted on 0xb5aF1CAC332013DeF97d6863FC12ED104CB94b13
[2026-05-04T08:19:13.988Z] [OK] Oracle is running. Waiting for WorkSubmitted events…
[2026-05-04T08:19:13.988Z] [INFO] Press Ctrl+C to stop  |  curl http://localhost:3001/oracle/status
[2026-05-04T08:22:49.620Z] [INFO] [oracle/submit-result] Request for milestone 2 score=0.85
[2026-05-04T08:22:49.621Z] [INFO] [2] Preparing on-chain result post…
[2026-05-04T08:22:49.621Z] [INFO] [2] Score: 0.85 → 85  |  Verdict: APPROVED
[2026-05-04T08:22:49.770Z] [INFO] [2] Signing result hash with oracle wallet 0xb85528a61D5bE6e1e640e4a38F1232e7971c67EA…
[2026-05-04T08:22:49.788Z] [INFO] [2] Signature: 0x337a43875735a13fd6…
[2026-05-04T08:22:50.959Z] [INFO] [2] Tx sent: 0x77005db6d38cd37e41b91bbfcaec97a6936404f031d6f28be6a0ca064a1fa8c8
[2026-05-04T08:23:28.446Z] [OK] ━━━━━━━━━━━━━━━━━━━━━━━━━━━━━━━━━━━━━━━━━━━━━━━━━
[2026-05-04T08:23:28.447Z] [OK] [2] Result posted on-chain ✅
[2026-05-04T08:23:28.447Z] [OK] [2] milestoneId:  2
[2026-05-04T08:23:28.447Z] [OK] [2] score:        85/100
[2026-05-04T08:23:28.447Z] [OK] [2] verdict:      APPROVED
[2026-05-04T08:23:28.447Z] [OK] [2] txHash:       0x77005db6d38cd37e41b91bbfcaec97a6936404f031d6f28be6a0ca064a1fa8c8
[2026-05-04T08:23:28.448Z] [OK] [2] block:        10787140
[2026-05-04T08:23:28.448Z] [OK] [2] gasUsed:      84390
[2026-05-04T08:23:28.448Z] [OK] [2] Etherscan: https://sepolia.etherscan.io/tx/0x77005db6d38cd37e41b91bbfcaec97a6936404f031d6f28be6a0ca064a1fa8c8
[2026-05-04T08:23:28.448Z] [OK] ━━━━━━━━━━━━━━━━━━━━━━━━━━━━━━━━━━━━━━━━━━━━━━━━━
[2026-05-04T18:58:26.468Z] [INFO] ═══════════════════════════════════════════════════
[2026-05-04T18:58:26.471Z] [INFO]   Oracle Bridge Service starting…
[2026-05-04T18:58:26.471Z] [INFO] ═══════════════════════════════════════════════════
[2026-05-04T18:58:26.471Z] [INFO]   Escrow contract:  0xb5aF1CAC332013DeF97d6863FC12ED104CB94b13
[2026-05-04T18:58:26.471Z] [INFO]   AI service:       http://localhost:8000
[2026-05-04T18:58:26.471Z] [INFO]   Status port:      3001
[2026-05-04T18:58:26.471Z] [INFO]   Log file:         /home/sk/escrow-platform/backend/oracle/oracle.log
[2026-05-04T18:58:26.471Z] [INFO] ═══════════════════════════════════════════════════
[2026-05-04T18:58:26.475Z] [INFO] Connecting WebSocket provider… {"url":"wss://eth-sepolia.g.alchemy.com/v2/DUJv0…"}
[2026-05-04T18:58:26.493Z] [OK] Status server listening on http://localhost:3001/oracle/status
[2026-05-04T18:58:27.077Z] [OK] WebSocket connected — network: sepolia (chainId: 11155111)
[2026-05-04T18:58:27.098Z] [INFO] Attaching WorkSubmitted event listener…
[2026-05-04T18:58:27.103Z] [OK] Listening for WorkSubmitted on 0xb5aF1CAC332013DeF97d6863FC12ED104CB94b13
[2026-05-04T18:58:27.103Z] [OK] Oracle is running. Waiting for WorkSubmitted events…
[2026-05-04T18:58:27.103Z] [INFO] Press Ctrl+C to stop  |  curl http://localhost:3001/oracle/status
[2026-05-05T10:43:29.654Z] [INFO] [oracle/submit-result] Request for milestone 3 score=0
[2026-05-05T10:43:29.661Z] [INFO] [3] Preparing on-chain result post…
[2026-05-05T10:43:29.662Z] [INFO] [3] Score: 0 → 0  |  Verdict: REJECTED
[2026-05-05T10:43:29.896Z] [INFO] [3] Signing result hash with oracle wallet 0xb85528a61D5bE6e1e640e4a38F1232e7971c67EA…
[2026-05-05T10:43:29.924Z] [INFO] [3] Signature: 0xb5715e99f63e454632…
[2026-05-05T10:43:35.987Z] [INFO] [3] Tx sent: 0x7101be26f71a8f056e7d6652619a55157056f7916884a3bce641f62c37aa1e92
[2026-05-05T10:43:49.260Z] [OK] ━━━━━━━━━━━━━━━━━━━━━━━━━━━━━━━━━━━━━━━━━━━━━━━━━
[2026-05-05T10:43:49.260Z] [OK] [3] Result posted on-chain ✅
[2026-05-05T10:43:49.260Z] [OK] [3] milestoneId:  3
[2026-05-05T10:43:49.260Z] [OK] [3] score:        0/100
[2026-05-05T10:43:49.260Z] [OK] [3] verdict:      REJECTED
[2026-05-05T10:43:49.261Z] [OK] [3] txHash:       0x7101be26f71a8f056e7d6652619a55157056f7916884a3bce641f62c37aa1e92
[2026-05-05T10:43:49.262Z] [OK] [3] block:        10794335
[2026-05-05T10:43:49.262Z] [OK] [3] gasUsed:      64491
[2026-05-05T10:43:49.262Z] [OK] [3] Etherscan: https://sepolia.etherscan.io/tx/0x7101be26f71a8f056e7d6652619a55157056f7916884a3bce641f62c37aa1e92
[2026-05-05T10:43:49.262Z] [OK] ━━━━━━━━━━━━━━━━━━━━━━━━━━━━━━━━━━━━━━━━━━━━━━━━━
[2026-05-05T13:58:03.359Z] [INFO] [oracle/submit-result] Request for milestone 3 score=0.35
[2026-05-05T13:58:03.366Z] [INFO] [3] Preparing on-chain result post…
[2026-05-05T13:58:03.367Z] [INFO] [3] Score: 0.35 → 35  |  Verdict: REJECTED
[2026-05-05T13:58:03.414Z] [INFO] [3] Signing result hash with oracle wallet 0xb85528a61D5bE6e1e640e4a38F1232e7971c67EA…
[2026-05-05T13:58:03.449Z] [INFO] [3] Signature: 0xb5657cd1c1fe3ddda7…
[2026-05-05T13:58:03.927Z] [ERROR] [3] Gas estimation failed {"message":"execution reverted: \"EscrowContract: invalid state transition\" (action=\"estimateGas\", data=\"0x08c379a000000000000000000000000000000000000000000000000000000000000000200000000000000000000000000000000000000000000000000000000000000028457363726f77436f6e74726163743a20696e76616c6964207374617465207472616e736974696f6e000000000000000000000000000000000000000000000000\", reason=\"EscrowContract: invalid state transition\", transaction={ \"data\": \"0x5cacf2450000000000000000000000000000000000000000000000000000000000000003000000000000000000000000000000000000000000000000000000000000002300000000000000000000000000000000000000000000000000000000000000600000000000000000000000000000000000000000000000000000000000000041b5657cd1c1fe3ddda72a60283db85c83c91620dc49e609c39f2998cd4b88276e5cf1939c6b7985db537b760d69af27a5aed519a01eb656c1f74f97817658f22e1b00000000000000000000000000000000000000000000000000000000000000\", \"from\": \"0xb85528a61D5bE6e1e640e4a38F1232e7971c67EA\", \"to\": \"0xb5aF1CAC332013DeF97d6863FC12ED104CB94b13\" }, invocation=null, revert={ \"args\": [ \"EscrowContract: invalid state transition\" ], \"name\": \"Error\", \"signature\": \"Error(string)\" }, code=CALL_EXCEPTION, version=6.16.0)"}
[2026-05-05T13:58:03.927Z] [ERROR] [3] This usually means the oracle address is not authorised in EscrowContract
[2026-05-05T14:04:39.680Z] [INFO] [oracle/submit-result] Request for milestone 3 score=0.35
[2026-05-05T14:04:39.680Z] [INFO] [3] Preparing on-chain result post…
[2026-05-05T14:04:39.680Z] [INFO] [3] Score: 0.35 → 35  |  Verdict: REJECTED
[2026-05-05T14:04:39.685Z] [INFO] [3] Signing result hash with oracle wallet 0xb85528a61D5bE6e1e640e4a38F1232e7971c67EA…
[2026-05-05T14:04:39.696Z] [INFO] [3] Signature: 0xb5657cd1c1fe3ddda7…
[2026-05-05T14:04:40.181Z] [ERROR] [3] Gas estimation failed {"message":"execution reverted: \"EscrowContract: invalid state transition\" (action=\"estimateGas\", data=\"0x08c379a000000000000000000000000000000000000000000000000000000000000000200000000000000000000000000000000000000000000000000000000000000028457363726f77436f6e74726163743a20696e76616c6964207374617465207472616e736974696f6e000000000000000000000000000000000000000000000000\", reason=\"EscrowContract: invalid state transition\", transaction={ \"data\": \"0x5cacf2450000000000000000000000000000000000000000000000000000000000000003000000000000000000000000000000000000000000000000000000000000002300000000000000000000000000000000000000000000000000000000000000600000000000000000000000000000000000000000000000000000000000000041b5657cd1c1fe3ddda72a60283db85c83c91620dc49e609c39f2998cd4b88276e5cf1939c6b7985db537b760d69af27a5aed519a01eb656c1f74f97817658f22e1b00000000000000000000000000000000000000000000000000000000000000\", \"from\": \"0xb85528a61D5bE6e1e640e4a38F1232e7971c67EA\", \"to\": \"0xb5aF1CAC332013DeF97d6863FC12ED104CB94b13\" }, invocation=null, revert={ \"args\": [ \"EscrowContract: invalid state transition\" ], \"name\": \"Error\", \"signature\": \"Error(string)\" }, code=CALL_EXCEPTION, version=6.16.0)"}
[2026-05-05T14:04:40.181Z] [ERROR] [3] This usually means the oracle address is not authorised in EscrowContract
[2026-05-05T14:08:51.562Z] [INFO] [oracle/submit-result] Request for milestone 3 score=0.35
[2026-05-05T14:08:51.563Z] [INFO] [3] Preparing on-chain result post…
[2026-05-05T14:08:51.563Z] [INFO] [3] Score: 0.35 → 35  |  Verdict: REJECTED
[2026-05-05T14:08:51.569Z] [INFO] [3] Signing result hash with oracle wallet 0xb85528a61D5bE6e1e640e4a38F1232e7971c67EA…
[2026-05-05T14:08:51.577Z] [INFO] [3] Signature: 0xb5657cd1c1fe3ddda7…
[2026-05-05T14:08:52.084Z] [ERROR] [3] Gas estimation failed {"message":"execution reverted: \"EscrowContract: invalid state transition\" (action=\"estimateGas\", data=\"0x08c379a000000000000000000000000000000000000000000000000000000000000000200000000000000000000000000000000000000000000000000000000000000028457363726f77436f6e74726163743a20696e76616c6964207374617465207472616e736974696f6e000000000000000000000000000000000000000000000000\", reason=\"EscrowContract: invalid state transition\", transaction={ \"data\": \"0x5cacf2450000000000000000000000000000000000000000000000000000000000000003000000000000000000000000000000000000000000000000000000000000002300000000000000000000000000000000000000000000000000000000000000600000000000000000000000000000000000000000000000000000000000000041b5657cd1c1fe3ddda72a60283db85c83c91620dc49e609c39f2998cd4b88276e5cf1939c6b7985db537b760d69af27a5aed519a01eb656c1f74f97817658f22e1b00000000000000000000000000000000000000000000000000000000000000\", \"from\": \"0xb85528a61D5bE6e1e640e4a38F1232e7971c67EA\", \"to\": \"0xb5aF1CAC332013DeF97d6863FC12ED104CB94b13\" }, invocation=null, revert={ \"args\": [ \"EscrowContract: invalid state transition\" ], \"name\": \"Error\", \"signature\": \"Error(string)\" }, code=CALL_EXCEPTION, version=6.16.0)"}
[2026-05-05T14:08:52.084Z] [ERROR] [3] This usually means the oracle address is not authorised in EscrowContract
[2026-05-05T14:24:51.748Z] [INFO] [oracle/submit-result] Request for milestone 3 score=0.35
[2026-05-05T14:24:51.748Z] [INFO] [3] Preparing on-chain result post…
[2026-05-05T14:24:51.748Z] [INFO] [3] Score: 0.35 → 35  |  Verdict: REJECTED
[2026-05-05T14:24:51.753Z] [INFO] [3] Signing result hash with oracle wallet 0xb85528a61D5bE6e1e640e4a38F1232e7971c67EA…
[2026-05-05T14:24:51.757Z] [INFO] [3] Signature: 0xb5657cd1c1fe3ddda7…
[2026-05-05T14:24:52.466Z] [ERROR] [3] Gas estimation failed {"message":"execution reverted: \"EscrowContract: invalid state transition\" (action=\"estimateGas\", data=\"0x08c379a000000000000000000000000000000000000000000000000000000000000000200000000000000000000000000000000000000000000000000000000000000028457363726f77436f6e74726163743a20696e76616c6964207374617465207472616e736974696f6e000000000000000000000000000000000000000000000000\", reason=\"EscrowContract: invalid state transition\", transaction={ \"data\": \"0x5cacf2450000000000000000000000000000000000000000000000000000000000000003000000000000000000000000000000000000000000000000000000000000002300000000000000000000000000000000000000000000000000000000000000600000000000000000000000000000000000000000000000000000000000000041b5657cd1c1fe3ddda72a60283db85c83c91620dc49e609c39f2998cd4b88276e5cf1939c6b7985db537b760d69af27a5aed519a01eb656c1f74f97817658f22e1b00000000000000000000000000000000000000000000000000000000000000\", \"from\": \"0xb85528a61D5bE6e1e640e4a38F1232e7971c67EA\", \"to\": \"0xb5aF1CAC332013DeF97d6863FC12ED104CB94b13\" }, invocation=null, revert={ \"args\": [ \"EscrowContract: invalid state transition\" ], \"name\": \"Error\", \"signature\": \"Error(string)\" }, code=CALL_EXCEPTION, version=6.16.0)"}
[2026-05-05T14:24:52.466Z] [ERROR] [3] This usually means the oracle address is not authorised in EscrowContract
[2026-05-05T14:26:33.887Z] [INFO] [oracle/submit-result] Request for milestone 3 score=0
[2026-05-05T14:26:33.888Z] [INFO] [3] Preparing on-chain result post…
[2026-05-05T14:26:33.888Z] [INFO] [3] Score: 0 → 0  |  Verdict: REJECTED
[2026-05-05T14:26:33.891Z] [INFO] [3] Signing result hash with oracle wallet 0xb85528a61D5bE6e1e640e4a38F1232e7971c67EA…
[2026-05-05T14:26:33.898Z] [INFO] [3] Signature: 0xb5715e99f63e454632…
[2026-05-05T14:26:34.253Z] [ERROR] [3] Gas estimation failed {"message":"execution reverted: \"EscrowContract: invalid state transition\" (action=\"estimateGas\", data=\"0x08c379a000000000000000000000000000000000000000000000000000000000000000200000000000000000000000000000000000000000000000000000000000000028457363726f77436f6e74726163743a20696e76616c6964207374617465207472616e736974696f6e000000000000000000000000000000000000000000000000\", reason=\"EscrowContract: invalid state transition\", transaction={ \"data\": \"0x5cacf2450000000000000000000000000000000000000000000000000000000000000003000000000000000000000000000000000000000000000000000000000000000000000000000000000000000000000000000000000000000000000000000000600000000000000000000000000000000000000000000000000000000000000041b5715e99f63e4546321393d5f64bab3efc63da990d9b201f66f446baa82244ac7ed0c3605c870eaed57374afd84b5584b73979dd866e3f21e36cb2dfdc7fb3c31c00000000000000000000000000000000000000000000000000000000000000\", \"from\": \"0xb85528a61D5bE6e1e640e4a38F1232e7971c67EA\", \"to\": \"0xb5aF1CAC332013DeF97d6863FC12ED104CB94b13\" }, invocation=null, revert={ \"args\": [ \"EscrowContract: invalid state transition\" ], \"name\": \"Error\", \"signature\": \"Error(string)\" }, code=CALL_EXCEPTION, version=6.16.0)"}
[2026-05-05T14:26:34.253Z] [ERROR] [3] This usually means the oracle address is not authorised in EscrowContract
[2026-05-05T14:26:59.630Z] [INFO] [oracle/submit-result] Request for milestone 3 score=0
[2026-05-05T14:26:59.631Z] [INFO] [3] Preparing on-chain result post…
[2026-05-05T14:26:59.631Z] [INFO] [3] Score: 0 → 0  |  Verdict: REJECTED
[2026-05-05T14:26:59.636Z] [INFO] [3] Signing result hash with oracle wallet 0xb85528a61D5bE6e1e640e4a38F1232e7971c67EA…
[2026-05-05T14:26:59.643Z] [INFO] [3] Signature: 0xb5715e99f63e454632…
[2026-05-05T14:27:00.058Z] [ERROR] [3] Gas estimation failed {"message":"execution reverted: \"EscrowContract: invalid state transition\" (action=\"estimateGas\", data=\"0x08c379a000000000000000000000000000000000000000000000000000000000000000200000000000000000000000000000000000000000000000000000000000000028457363726f77436f6e74726163743a20696e76616c6964207374617465207472616e736974696f6e000000000000000000000000000000000000000000000000\", reason=\"EscrowContract: invalid state transition\", transaction={ \"data\": \"0x5cacf2450000000000000000000000000000000000000000000000000000000000000003000000000000000000000000000000000000000000000000000000000000000000000000000000000000000000000000000000000000000000000000000000600000000000000000000000000000000000000000000000000000000000000041b5715e99f63e4546321393d5f64bab3efc63da990d9b201f66f446baa82244ac7ed0c3605c870eaed57374afd84b5584b73979dd866e3f21e36cb2dfdc7fb3c31c00000000000000000000000000000000000000000000000000000000000000\", \"from\": \"0xb85528a61D5bE6e1e640e4a38F1232e7971c67EA\", \"to\": \"0xb5aF1CAC332013DeF97d6863FC12ED104CB94b13\" }, invocation=null, revert={ \"args\": [ \"EscrowContract: invalid state transition\" ], \"name\": \"Error\", \"signature\": \"Error(string)\" }, code=CALL_EXCEPTION, version=6.16.0)"}
[2026-05-05T14:27:00.058Z] [ERROR] [3] This usually means the oracle address is not authorised in EscrowContract
[2026-05-05T14:31:52.689Z] [INFO] [oracle/submit-result] Request for milestone 3 score=0.65
[2026-05-05T14:31:52.690Z] [INFO] [3] Preparing on-chain result post…
[2026-05-05T14:31:52.690Z] [INFO] [3] Score: 0.65 → 65  |  Verdict: DISPUTED
[2026-05-05T14:31:52.694Z] [INFO] [3] Signing result hash with oracle wallet 0xb85528a61D5bE6e1e640e4a38F1232e7971c67EA…
[2026-05-05T14:31:52.701Z] [INFO] [3] Signature: 0x33632e9cb30dab50a7…
[2026-05-05T14:31:53.300Z] [ERROR] [3] Gas estimation failed {"message":"execution reverted: \"EscrowContract: invalid state transition\" (action=\"estimateGas\", data=\"0x08c379a000000000000000000000000000000000000000000000000000000000000000200000000000000000000000000000000000000000000000000000000000000028457363726f77436f6e74726163743a20696e76616c6964207374617465207472616e736974696f6e000000000000000000000000000000000000000000000000\", reason=\"EscrowContract: invalid state transition\", transaction={ \"data\": \"0x5cacf245000000000000000000000000000000000000000000000000000000000000000300000000000000000000000000000000000000000000000000000000000000410000000000000000000000000000000000000000000000000000000000000060000000000000000000000000000000000000000000000000000000000000004133632e9cb30dab50a763f73ed104494aa66c8e8085fb698ed5135b0f62d5900b02afca22b5065529c23bc38cda5e34f3c6ec07a01ec3a1580fc56e509842047c1b00000000000000000000000000000000000000000000000000000000000000\", \"from\": \"0xb85528a61D5bE6e1e640e4a38F1232e7971c67EA\", \"to\": \"0xb5aF1CAC332013DeF97d6863FC12ED104CB94b13\" }, invocation=null, revert={ \"args\": [ \"EscrowContract: invalid state transition\" ], \"name\": \"Error\", \"signature\": \"Error(string)\" }, code=CALL_EXCEPTION, version=6.16.0)"}
[2026-05-05T14:31:53.300Z] [ERROR] [3] This usually means the oracle address is not authorised in EscrowContract
[2026-05-05T19:57:26.808Z] [INFO] ═══════════════════════════════════════════════════
[2026-05-05T19:57:26.818Z] [INFO]   Oracle Bridge Service starting…
[2026-05-05T19:57:26.818Z] [INFO] ═══════════════════════════════════════════════════
[2026-05-05T19:57:26.818Z] [INFO]   Escrow contract:  0xb5aF1CAC332013DeF97d6863FC12ED104CB94b13
[2026-05-05T19:57:26.818Z] [INFO]   AI service:       http://localhost:8000
[2026-05-05T19:57:26.818Z] [INFO]   Status port:      3001
[2026-05-05T19:57:26.818Z] [INFO]   Log file:         /home/sk/escrow-platform/backend/oracle/oracle.log
[2026-05-05T19:57:26.819Z] [INFO] ═══════════════════════════════════════════════════
[2026-05-05T19:57:26.823Z] [INFO] Connecting WebSocket provider… {"url":"wss://eth-sepolia.g.alchemy.com/v2/DUJv0…"}
[2026-05-05T19:57:26.849Z] [OK] Status server listening on http://localhost:3001/oracle/status
[2026-05-05T19:57:27.426Z] [OK] WebSocket connected — network: sepolia (chainId: 11155111)
[2026-05-05T19:57:27.446Z] [INFO] Attaching WorkSubmitted event listener…
[2026-05-05T19:57:27.455Z] [OK] Listening for WorkSubmitted on 0xb5aF1CAC332013DeF97d6863FC12ED104CB94b13
[2026-05-05T19:57:27.455Z] [OK] Oracle is running. Waiting for WorkSubmitted events…
[2026-05-05T19:57:27.455Z] [INFO] Press Ctrl+C to stop  |  curl http://localhost:3001/oracle/status
[2026-05-05T20:13:54.463Z] [INFO] [oracle/submit-result] Request for milestone 0 score=0.95
[2026-05-05T20:13:54.465Z] [INFO] [0] Preparing on-chain result post…
[2026-05-05T20:13:54.465Z] [INFO] [0] Score: 0.95 → 95  |  Verdict: APPROVED
[2026-05-05T20:13:54.608Z] [INFO] [0] Signing result hash with oracle wallet 0xb85528a61D5bE6e1e640e4a38F1232e7971c67EA…
[2026-05-05T20:13:54.626Z] [INFO] [0] Signature: 0xcf9fd4b6c4fe2b03a2…
[2026-05-05T20:13:55.860Z] [INFO] [0] Tx sent: 0x6259434e6238f93678ba68a02c1fcc2ebb0a9bcb3576d5a4c54dfb4973ec88af
[2026-05-05T20:14:04.761Z] [OK] ━━━━━━━━━━━━━━━━━━━━━━━━━━━━━━━━━━━━━━━━━━━━━━━━━
[2026-05-05T20:14:04.761Z] [OK] [0] Result posted on-chain ✅
[2026-05-05T20:14:04.761Z] [OK] [0] milestoneId:  0
[2026-05-05T20:14:04.761Z] [OK] [0] score:        95/100
[2026-05-05T20:14:04.762Z] [OK] [0] verdict:      APPROVED
[2026-05-05T20:14:04.762Z] [OK] [0] txHash:       0x6259434e6238f93678ba68a02c1fcc2ebb0a9bcb3576d5a4c54dfb4973ec88af
[2026-05-05T20:14:04.762Z] [OK] [0] block:        10796903
[2026-05-05T20:14:04.762Z] [OK] [0] gasUsed:      84378
[2026-05-05T20:14:04.762Z] [OK] [0] Etherscan: https://sepolia.etherscan.io/tx/0x6259434e6238f93678ba68a02c1fcc2ebb0a9bcb3576d5a4c54dfb4973ec88af
[2026-05-05T20:14:04.762Z] [OK] ━━━━━━━━━━━━━━━━━━━━━━━━━━━━━━━━━━━━━━━━━━━━━━━━━
[2026-05-05T20:36:24.558Z] [INFO] ━━━━━━━━━━━━━━━━━━━━━━━━━━━━━━━━━━━━━━━━━━━━━━━━━
[2026-05-05T20:36:24.559Z] [INFO] WorkSubmitted event received {"milestoneId":"4","evidenceHash":"0x18c8e74026b27c8d…","ipfsCID":"QmTPwtMcfgMkNeGcwFJA…","block":10797002,"txHash":"0x2e8a3d1165bf8c08a1b6c5364b58f643f518b422493f0120184794b1aea93716"}
[2026-05-05T20:36:24.561Z] [INFO] [4] Fetching milestone details from contract…
[2026-05-05T20:36:25.069Z] [INFO] [4] Milestone fetched {"client":"0x75c24766B11f3d1d62082f7944508bEbA6E00711","freelancer":"0xa1E107794e245aa2C7325b5BbF0AAA1F4a396c19","state":2,"amount":"0.05 ETH"}
[2026-05-05T20:36:25.070Z] [INFO] [4] Calling AI verification service… {"url":"http://localhost:8000/verify","payload":{"milestone_id":"4","submission_type":"ipfs_cid","submission_value":"QmTPwtMcfgMkNeGcwFJArA6hGCDL7LKgP8cRAPsnpHGuQx","evidence_hash":"18c8e74026b27c8d118eaebe7e97a108a3842c96f31cea4c7a6437e46e2a4544","test_commands":["pytest","--tb=short","-q"],"acceptance_threshold":0.75,"deliverable_type":"code"}}
[2026-05-05T20:36:25.112Z] [ERROR] [4] FastAPI service unreachable {"message":"HTTP 422: {\"error\":\"test_commands: Value error, Only pytest commands are supported in this prototype. Got: '--tb=short'\",\"code\":\"VALIDATION_ERROR\",\"job_id\":null,\"detail\":[{\"type\":\"value_error\",\"loc\":\"('body', 'test_commands')\",\"msg\":\"Value error, Only pytest commands are supported in this prototype. Got: '--tb=short'\",\"input\":\"['pytest', '--tb=short', '-q']\",\"ctx\":\"{'error': ValueError(\\\"Only pytest commands are supported in this prototype. Got: '--tb=short'\\\")}\"}]}"}
[2026-05-05T20:36:25.112Z] [WARN] [4] Retrying with mock result for prototype testing…
[2026-05-05T20:36:25.114Z] [WARN] [4] Using mock result {"status":"COMPLETED","score":0.82,"verdict":"APPROVED","breakdown":{"tests_passed":4,"tests_total":4,"test_score":1,"static_analysis":0.85,"complexity":0.76},"job_id":"mock_4_1778013385113","ipfsCID":"QmTPwtMcfgMkNeGcwFJArA6hGCDL7LKgP8cRAPsnpHGuQx"}
[2026-05-05T20:36:25.115Z] [INFO] [4] Preparing on-chain result post…
[2026-05-05T20:36:25.117Z] [INFO] [4] Score: 0.82 → 82  |  Verdict: APPROVED
[2026-05-05T20:36:25.122Z] [INFO] [4] Signing result hash with oracle wallet 0xb85528a61D5bE6e1e640e4a38F1232e7971c67EA…
[2026-05-05T20:36:25.132Z] [INFO] [4] Signature: 0x0d3b519a06302db1d6…
[2026-05-05T20:36:26.172Z] [INFO] [4] Tx sent: 0x013a2f8b6590c3966875f5c56728b241004fa4f4789a69f99ca3a15d858cd45a
[2026-05-05T20:36:39.042Z] [OK] ━━━━━━━━━━━━━━━━━━━━━━━━━━━━━━━━━━━━━━━━━━━━━━━━━
[2026-05-05T20:36:39.042Z] [OK] [4] Result posted on-chain ✅
[2026-05-05T20:36:39.043Z] [OK] [4] milestoneId:  4
[2026-05-05T20:36:39.043Z] [OK] [4] score:        82/100
[2026-05-05T20:36:39.043Z] [OK] [4] verdict:      APPROVED
[2026-05-05T20:36:39.043Z] [OK] [4] txHash:       0x013a2f8b6590c3966875f5c56728b241004fa4f4789a69f99ca3a15d858cd45a
[2026-05-05T20:36:39.043Z] [OK] [4] block:        10797003
[2026-05-05T20:36:39.043Z] [OK] [4] gasUsed:      84361
[2026-05-05T20:36:39.044Z] [OK] [4] Etherscan: https://sepolia.etherscan.io/tx/0x013a2f8b6590c3966875f5c56728b241004fa4f4789a69f99ca3a15d858cd45a
[2026-05-05T20:36:39.044Z] [OK] ━━━━━━━━━━━━━━━━━━━━━━━━━━━━━━━━━━━━━━━━━━━━━━━━━
[2026-05-05T20:39:51.109Z] [INFO] [oracle/submit-result] Request for milestone 4 score=0.65
[2026-05-05T20:39:51.110Z] [INFO] [4] Preparing on-chain result post…
[2026-05-05T20:39:51.110Z] [INFO] [4] Score: 0.65 → 65  |  Verdict: DISPUTED
[2026-05-05T20:39:51.113Z] [INFO] [4] Signing result hash with oracle wallet 0xb85528a61D5bE6e1e640e4a38F1232e7971c67EA…
[2026-05-05T20:39:51.118Z] [INFO] [4] Signature: 0x2b5f905612a790d277…
[2026-05-05T20:39:51.493Z] [ERROR] [4] Gas estimation failed {"message":"execution reverted: \"EscrowContract: invalid state transition\" (action=\"estimateGas\", data=\"0x08c379a000000000000000000000000000000000000000000000000000000000000000200000000000000000000000000000000000000000000000000000000000000028457363726f77436f6e74726163743a20696e76616c6964207374617465207472616e736974696f6e000000000000000000000000000000000000000000000000\", reason=\"EscrowContract: invalid state transition\", transaction={ \"data\": \"0x5cacf24500000000000000000000000000000000000000000000000000000000000000040000000000000000000000000000000000000000000000000000000000000041000000000000000000000000000000000000000000000000000000000000006000000000000000000000000000000000000000000000000000000000000000412b5f905612a790d27755e9c8e8d8db3518180aa7199a9b8eaaef4d46379569b719236ddaebf29e20b8b80be810b789a52006822c6c30ae17edc653e450766d711b00000000000000000000000000000000000000000000000000000000000000\", \"from\": \"0xb85528a61D5bE6e1e640e4a38F1232e7971c67EA\", \"to\": \"0xb5aF1CAC332013DeF97d6863FC12ED104CB94b13\" }, invocation=null, revert={ \"args\": [ \"EscrowContract: invalid state transition\" ], \"name\": \"Error\", \"signature\": \"Error(string)\" }, code=CALL_EXCEPTION, version=6.16.0)"}
[2026-05-05T20:39:51.494Z] [ERROR] [4] This usually means the oracle address is not authorised in EscrowContract
[2026-05-05T20:43:30.375Z] [INFO] [oracle/submit-result] Request for milestone 4 score=0.5
[2026-05-05T20:43:30.375Z] [INFO] [4] Preparing on-chain result post…
[2026-05-05T20:43:30.375Z] [INFO] [4] Score: 0.5 → 50  |  Verdict: DISPUTED
[2026-05-05T20:43:30.377Z] [INFO] [4] Signing result hash with oracle wallet 0xb85528a61D5bE6e1e640e4a38F1232e7971c67EA…
[2026-05-05T20:43:30.380Z] [INFO] [4] Signature: 0xc6acf57a2a6afa978b…
[2026-05-05T20:43:30.942Z] [ERROR] [4] Gas estimation failed {"message":"execution reverted: \"EscrowContract: invalid state transition\" (action=\"estimateGas\", data=\"0x08c379a000000000000000000000000000000000000000000000000000000000000000200000000000000000000000000000000000000000000000000000000000000028457363726f77436f6e74726163743a20696e76616c6964207374617465207472616e736974696f6e000000000000000000000000000000000000000000000000\", reason=\"EscrowContract: invalid state transition\", transaction={ \"data\": \"0x5cacf2450000000000000000000000000000000000000000000000000000000000000004000000000000000000000000000000000000000000000000000000000000003200000000000000000000000000000000000000000000000000000000000000600000000000000000000000000000000000000000000000000000000000000041c6acf57a2a6afa978bb38c602c1a0cd0056e42a68e706683ba9aa66bdb0c344a68aaf3768735b3f1b261fefe2714be1663fbb8bffa73968c8a4ef7dbc9dbc1241c00000000000000000000000000000000000000000000000000000000000000\", \"from\": \"0xb85528a61D5bE6e1e640e4a38F1232e7971c67EA\", \"to\": \"0xb5aF1CAC332013DeF97d6863FC12ED104CB94b13\" }, invocation=null, revert={ \"args\": [ \"EscrowContract: invalid state transition\" ], \"name\": \"Error\", \"signature\": \"Error(string)\" }, code=CALL_EXCEPTION, version=6.16.0)"}
[2026-05-05T20:43:30.942Z] [ERROR] [4] This usually means the oracle address is not authorised in EscrowContract
[2026-05-05T20:46:18.102Z] [INFO] [oracle/submit-result] Request for milestone 4 score=0.85
[2026-05-05T20:46:18.103Z] [INFO] [4] Preparing on-chain result post…
[2026-05-05T20:46:18.103Z] [INFO] [4] Score: 0.85 → 85  |  Verdict: APPROVED
[2026-05-05T20:46:18.106Z] [INFO] [4] Signing result hash with oracle wallet 0xb85528a61D5bE6e1e640e4a38F1232e7971c67EA…
[2026-05-05T20:46:18.111Z] [INFO] [4] Signature: 0xfc105534f648116d04…
[2026-05-05T20:46:18.516Z] [ERROR] [4] Gas estimation failed {"message":"execution reverted: \"EscrowContract: invalid state transition\" (action=\"estimateGas\", data=\"0x08c379a000000000000000000000000000000000000000000000000000000000000000200000000000000000000000000000000000000000000000000000000000000028457363726f77436f6e74726163743a20696e76616c6964207374617465207472616e736974696f6e000000000000000000000000000000000000000000000000\", reason=\"EscrowContract: invalid state transition\", transaction={ \"data\": \"0x5cacf2450000000000000000000000000000000000000000000000000000000000000004000000000000000000000000000000000000000000000000000000000000005500000000000000000000000000000000000000000000000000000000000000600000000000000000000000000000000000000000000000000000000000000041fc105534f648116d0459111cb2ac1de37c5d70f8c3e46fd4f1e699d5dbe38fc7428999cc9055010253905cb43e248d92c84a898feae81d9dea7cd03c44cb5d9f1c00000000000000000000000000000000000000000000000000000000000000\", \"from\": \"0xb85528a61D5bE6e1e640e4a38F1232e7971c67EA\", \"to\": \"0xb5aF1CAC332013DeF97d6863FC12ED104CB94b13\" }, invocation=null, revert={ \"args\": [ \"EscrowContract: invalid state transition\" ], \"name\": \"Error\", \"signature\": \"Error(string)\" }, code=CALL_EXCEPTION, version=6.16.0)"}
[2026-05-05T20:46:18.517Z] [ERROR] [4] This usually means the oracle address is not authorised in EscrowContract
